app/build/outputs/logs/manifest-merger-debug-report.txt
-- Merging decision tree log ---
manifest
ADDED from src\main\AndroidManifest.xml:2:1-21:12
INJECTED from src\main\AndroidManifest.xml:2:1-21:12
INJECTED from src\main\AndroidManifest.xml:2:1-21:12
INJECTED from src\main\AndroidManifest.xml:2:1-21:12
INJECTED from src\main\AndroidManifest.xml:2:1-21:12
INJECTED from src\main\AndroidManifest.xml:2:1-21:12
INJECTED from src\main\AndroidManifest.xml:2:1-21:12
	package
		ADDED from src\main\AndroidManifest.xml:4:33-62
		INJECTED from src\main\AndroidManifest.xml
		INJECTED from src\main\AndroidManifest.xml
	android:versionName
		ADDED from src\main\AndroidManifest.xml:4:7-32
		INJECTED from src\main\AndroidManifest.xml
		INJECTED from src\main\AndroidManifest.xml
	xmlns:android
		ADDED from src\main\AndroidManifest.xml:2:11-69
	android:versionCode
		ADDED from src\main\AndroidManifest.xml:3:7-30
		INJECTED from src\main\AndroidManifest.xml
		INJECTED from src\main\AndroidManifest.xml
application
ADDED from src\main\AndroidManifest.xml:5:5-17:19
	android:label
		ADDED from src\main\AndroidManifest.xml:5:48-80
	android:debuggable
		ADDED from src\main\AndroidManifest.xml:5:81-106
	android:icon
		ADDED from src\main\AndroidManifest.xml:5:18-47
activity#my.android.lesson13.AndroidOpenGL
ADDED from src\main\AndroidManifest.xml:6:9-15:20
	android:screenOrientation
		ADDED from src\main\AndroidManifest.xml:9:19-56
	android:label
		ADDED from src\main\AndroidManifest.xml:7:19-51
	android:configChanges
		ADDED from src\main\AndroidManifest.xml:10:19-54
	android:theme
		ADDED from src\main\AndroidManifest.xml:8:19-83
	android:name
		ADDED from src\main\AndroidManifest.xml:6:19-48
intent-filter#android.intent.action.MAIN+android.intent.category.LAUNCHER
ADDED from src\main\AndroidManifest.xml:11:13-14:29
action#android.intent.action.MAIN
ADDED from src\main\AndroidManifest.xml:12:17-69
	android:name
		ADDED from src\main\AndroidManifest.xml:12:25-66
category#android.intent.category.LAUNCHER
ADDED from src\main\AndroidManifest.xml:13:17-77
	android:name
		ADDED from src\main\AndroidManifest.xml:13:27-74
uses-sdk
ADDED from src\main\AndroidManifest.xml:18:5-43
INJECTED from src\main\AndroidManifest.xml:18:5-43
INJECTED from src\main\AndroidManifest.xml:18:5-43
INJECTED from src\main\AndroidManifest.xml:18:5-43
INJECTED from src\main\AndroidManifest.xml:18:5-43
	android:targetSdkVersion
		INJECTED from src\main\AndroidManifest.xml
		ADDED from src\main\AndroidManifest.xml:18:5-43
		INJECTED from src\main\AndroidManifest.xml
	android:minSdkVersion
		ADDED from src\main\AndroidManifest.xml:18:15-40
		INJECTED from src\main\AndroidManifest.xml
		INJECTED from src\main\AndroidManifest.xml
uses-permission#android.permission.CAMERA
ADDED from src\main\AndroidManifest.xml:19:5-64
	android:name
		ADDED from src\main\AndroidManifest.xml:19:22-62